app/libs/imagepicker/build/outputs/logs/manifest-merger-release-report.txt
-- Merging decision tree log ---
manifest
ADDED from src/main/AndroidManifest.xml:1:1-23:12
INJECTED from src/main/AndroidManifest.xml:1:1-23:12
INJECTED from src/main/AndroidManifest.xml:1:1-23:12
INJECTED from src/main/AndroidManifest.xml:1:1-23:12
INJECTED from src/main/AndroidManifest.xml:1:1-23:12
INJECTED from src/main/AndroidManifest.xml:1:1-23:12
INJECTED from src/main/AndroidManifest.xml:1:1-23:12
	package
		ADDED from src/main/AndroidManifest.xml:2:5-30
		INJECTED from src/main/AndroidManifest.xml
		INJECTED from src/main/AndroidManifest.xml
	android:versionName
		INJECTED from src/main/AndroidManifest.xml
		ADDED from src/main/AndroidManifest.xml:1:1-23:12
		INJECTED from src/main/AndroidManifest.xml
	xmlns:tools
		ADDED from src/main/AndroidManifest.xml:1:70-116
	android:versionCode
		INJECTED from src/main/AndroidManifest.xml
		ADDED from src/main/AndroidManifest.xml:1:1-23:12
		INJECTED from src/main/AndroidManifest.xml
	xmlns:android
		ADDED from src/main/AndroidManifest.xml:1:11-69
uses-permission#android.permission.CAMERA
ADDED from src/main/AndroidManifest.xml:4:3-62
	android:name
		ADDED from src/main/AndroidManifest.xml:4:20-60
uses-permission#android.permission.READ_EXTERNAL_STORAGE
ADDED from src/main/AndroidManifest.xml:5:3-77
	android:name
		ADDED from src/main/AndroidManifest.xml:5:20-75
uses-permission#android.permission.WRITE_EXTERNAL_STORAGE
ADDED from src/main/AndroidManifest.xml:6:3-78
	android:name
		ADDED from src/main/AndroidManifest.xml:6:20-76
application
ADDED from src/main/AndroidManifest.xml:8:3-21:17
	android:supportsRtl
		ADDED from src/main/AndroidManifest.xml:11:7-33
	android:label
		ADDED from src/main/AndroidManifest.xml:10:7-39
	android:allowBackup
		ADDED from src/main/AndroidManifest.xml:9:7-33
activity#com.theartofdev.edmodo.cropper.CropImageActivity
ADDED from src/main/AndroidManifest.xml:12:5-15:54
	android:screenOrientation
		ADDED from src/main/AndroidManifest.xml:14:9-45
	android:theme
		ADDED from src/main/AndroidManifest.xml:15:9-52
	android:name
		ADDED from src/main/AndroidManifest.xml:13:9-72
activity#com.imagepicker.pdfpicker.NormalFilePickActivity
ADDED from src/main/AndroidManifest.xml:17:5-18:47
	android:screenOrientation
		ADDED from src/main/AndroidManifest.xml:18:9-45
	android:name
		ADDED from src/main/AndroidManifest.xml:17:15-63
uses-sdk
INJECTED from src/main/AndroidManifest.xml reason: use-sdk injection requested
INJECTED from src/main/AndroidManifest.xml
INJECTED from src/main/AndroidManifest.xml
INJECTED from src/main/AndroidManifest.xml
INJECTED from src/main/AndroidManifest.xml
	android:targetSdkVersion
		INJECTED from src/main/AndroidManifest.xml
		ADDED from src/main/AndroidManifest.xml
		INJECTED from src/main/AndroidManifest.xml
	android:minSdkVersion
		INJECTED from src/main/AndroidManifest.xml
		ADDED from src/main/AndroidManifest.xml
		INJECTED from src/main/AndroidManifest.xml